[debug] [2022-08-12T15:49:17.538Z] ----------------------------------------------------------------------
[debug] [2022-08-12T15:49:17.539Z] Command:       /usr/local/bin/node /usr/local/bin/firebase emulators:start
[debug] [2022-08-12T15:49:17.539Z] CLI Version:   11.4.2
[debug] [2022-08-12T15:49:17.539Z] Platform:      darwin
[debug] [2022-08-12T15:49:17.539Z] Node Version:  v16.13.1
[debug] [2022-08-12T15:49:17.540Z] Time:          Fri Aug 12 2022 11:49:17 GMT-0400 (Eastern Daylight Time)
[debug] [2022-08-12T15:49:17.540Z] ----------------------------------------------------------------------
[debug] 
[debug] [2022-08-12T15:49:17.573Z] Field ".emulators.hosting.port" in "firebase.json" is possibly invalid: should be number
[debug] [2022-08-12T15:49:17.575Z] > command requires scopes: ["email","openid","https://www.googleapis.com/auth/cloudplatformprojects.readonly","https://www.googleapis.com/auth/firebase","https://www.googleapis.com/auth/cloud-platform"]
[debug] [2022-08-12T15:49:17.575Z] > authorizing via signed-in user (placideralph@gmail.com)
[info] i  emulators: Starting emulators: functions, hosting {"metadata":{"emulator":{"name":"hub"},"message":"Starting emulators: functions, hosting"}}
[debug] [2022-08-12T15:49:17.591Z] [hub] writing locator at /var/folders/tq/b756h98j3x3dgw3jwjffgwch0000gn/T/hub-message-app-project-121c5.json
[warn] ⚠  functions: The following emulators are not running, calls to these services from the Functions emulator will affect production: auth, firestore, database, pubsub, storage {"metadata":{"emulator":{"name":"functions"},"message":"The following emulators are not running, calls to these services from the Functions emulator will affect production: \u001b[1mauth, firestore, database, pubsub, storage\u001b[22m"}}
[info] ✔  functions: Using node@16 from host. {"metadata":{"emulator":{"name":"functions"},"message":"Using node@16 from host."}}
[debug] [2022-08-12T15:49:17.609Z] defaultcredentials: writing to file /Users/ralph/.config/firebase/placideralph_gmail_com_application_default_credentials.json
[debug] [2022-08-12T15:49:17.611Z] Setting GAC to /Users/ralph/.config/firebase/placideralph_gmail_com_application_default_credentials.json {"metadata":{"emulator":{"name":"functions"},"message":"Setting GAC to /Users/ralph/.config/firebase/placideralph_gmail_com_application_default_credentials.json"}}
[debug] [2022-08-12T15:49:17.612Z] >>> [apiv2][query] GET https://firebase.googleapis.com/v1beta1/projects/message-app-project-121c5/adminSdkConfig [none]
[debug] [2022-08-12T15:49:18.075Z] <<< [apiv2][status] GET https://firebase.googleapis.com/v1beta1/projects/message-app-project-121c5/adminSdkConfig 200
[debug] [2022-08-12T15:49:18.075Z] <<< [apiv2][body] GET https://firebase.googleapis.com/v1beta1/projects/message-app-project-121c5/adminSdkConfig {"projectId":"message-app-project-121c5","storageBucket":"message-app-project-121c5.appspot.com","locationId":"us-central"}
[debug] [2022-08-12T15:49:18.351Z] >>> [apiv2][query] GET https://firebasehosting.googleapis.com/v1beta1/projects/message-app-project-121c5/sites 
[debug] [2022-08-12T15:49:18.943Z] <<< [apiv2][status] GET https://firebasehosting.googleapis.com/v1beta1/projects/message-app-project-121c5/sites 200
[debug] [2022-08-12T15:49:18.943Z] <<< [apiv2][body] GET https://firebasehosting.googleapis.com/v1beta1/projects/message-app-project-121c5/sites {"sites":[{"name":"projects/message-app-project-121c5/sites/message-app-project-121c5","defaultUrl":"https://message-app-project-121c5.web.app","type":"DEFAULT_SITE"}]}
[debug] [2022-08-12T15:49:18.943Z] >>> [apiv2][query] GET https://firebase.googleapis.com/v1beta1/projects/message-app-project-121c5/webApps/-/config [none]
[debug] [2022-08-12T15:49:19.635Z] <<< [apiv2][status] GET https://firebase.googleapis.com/v1beta1/projects/message-app-project-121c5/webApps/-/config 200
[debug] [2022-08-12T15:49:19.635Z] <<< [apiv2][body] GET https://firebase.googleapis.com/v1beta1/projects/message-app-project-121c5/webApps/-/config {"projectId":"message-app-project-121c5","storageBucket":"message-app-project-121c5.appspot.com","locationId":"us-central","apiKey":"AIzaSyBDEtmJfbEcTUeZJsxAajIAzMJeC6U4Q28","authDomain":"message-app-project-121c5.firebaseapp.com","messagingSenderId":"864583432747"}
[info] i  hosting: Serving hosting files from: public {"metadata":{"emulator":{"name":"hosting"},"message":"Serving hosting files from: \u001b[1mpublic\u001b[22m"}}
[info] ✔  hosting: Local server: http://localhost:3002 {"metadata":{"emulator":{"name":"hosting"},"message":"Local server: \u001b[4m\u001b[1mhttp://localhost:3002\u001b[22m\u001b[24m"}}
[debug] [2022-08-12T15:49:19.693Z] Ignoring unsupported arg: auto_download {"metadata":{"emulator":{"name":"ui"},"message":"Ignoring unsupported arg: auto_download"}}
[debug] [2022-08-12T15:49:19.693Z] Ignoring unsupported arg: port {"metadata":{"emulator":{"name":"ui"},"message":"Ignoring unsupported arg: port"}}
[debug] [2022-08-12T15:49:19.693Z] Starting Emulator UI with command {"binary":"node","args":["/Users/ralph/.cache/firebase/emulators/ui-v1.8.1/server/server.js"],"optionalArgs":[],"joinArgs":false} {"metadata":{"emulator":{"name":"ui"},"message":"Starting Emulator UI with command {\"binary\":\"node\",\"args\":[\"/Users/ralph/.cache/firebase/emulators/ui-v1.8.1/server/server.js\"],\"optionalArgs\":[],\"joinArgs\":false}"}}
[info] i  ui: Emulator UI logging to ui-debug.log {"metadata":{"emulator":{"name":"ui"},"message":"Emulator UI logging to \u001b[1mui-debug.log\u001b[22m"}}
[debug] [2022-08-12T15:49:19.764Z] Web / API server started at localhost:4000
 {"metadata":{"emulator":{"name":"ui"},"message":"Web / API server started at localhost:4000\n"}}
[info] i  functions: Watching "/Users/ralph/bocacode/Message-App-Project/functions" for Cloud Functions... {"metadata":{"emulator":{"name":"functions"},"message":"Watching \"/Users/ralph/bocacode/Message-App-Project/functions\" for Cloud Functions..."}}
[debug] [2022-08-12T15:49:19.956Z] Validating nodejs source
[debug] [2022-08-12T15:49:20.552Z] > [functions] package.json contents: {
  "name": "functions",
  "description": "Cloud Functions for Firebase",
  "scripts": {
    "serve": "firebase emulators:start --only functions",
    "shell": "firebase functions:shell",
    "start": "npm run shell",
    "deploy": "firebase deploy --only functions",
    "logs": "firebase functions:log"
  },
  "type": "module",
  "engines": {
    "node": "16"
  },
  "main": "index.js",
  "dependencies": {
    "cors": "^2.8.5",
    "express": "^4.18.1",
    "firebase-admin": "^10.0.2",
    "firebase-functions": "^3.18.0"
  },
  "devDependencies": {
    "firebase-functions-test": "^0.2.0"
  },
  "private": true
}
[debug] [2022-08-12T15:49:20.552Z] Building nodejs source
[debug] [2022-08-12T15:49:20.552Z] Analyzing nodejs backend spec
[debug] [2022-08-12T15:49:20.554Z] Could not find functions.yaml. Must use http discovery
[debug] [2022-08-12T15:49:20.633Z] Serving at port 9005

[debug] [2022-08-12T15:49:20.792Z] Got response from /__/functions.yaml {"endpoints":{"api":{"platform":"gcfv1","httpsTrigger":{},"entryPoint":"api"}},"specVersion":"v1alpha1","requiredAPIs":[]}
[debug] [2022-08-12T15:49:20.796Z] shutdown requested via /__/quitquitquit

[info] ✔  functions[us-central1-api]: http function initialized (http://localhost:5001/message-app-project-121c5/us-central1/api). {"metadata":{"emulator":{"name":"functions"},"message":"\u001b[1mhttp\u001b[22m function initialized (http://localhost:5001/message-app-project-121c5/us-central1/api)."}}
[info] 
┌─────────────────────────────────────────────────────────────┐
│ ✔  All emulators ready! It is now safe to connect your app. │
│ i  View Emulator UI at http://localhost:4000                │
└─────────────────────────────────────────────────────────────┘

┌───────────┬────────────────┬─────────────────────────────────┐
│ Emulator  │ Host:Port      │ View in Emulator UI             │
├───────────┼────────────────┼─────────────────────────────────┤
│ Functions │ localhost:5001 │ http://localhost:4000/functions │
├───────────┼────────────────┼─────────────────────────────────┤
│ Hosting   │ localhost:3002 │ n/a                             │
└───────────┴────────────────┴─────────────────────────────────┘
  Emulator Hub running at localhost:4400
  Other reserved ports: 4500

Issues? Report them at https://github.com/firebase/firebase-tools/issues and attach the *-debug.log files.
 
[debug] [2022-08-12T15:50:25.375Z] File /Users/ralph/bocacode/Message-App-Project/functions/index.js changed, reloading triggers {"metadata":{"emulator":{"name":"functions"},"message":"File /Users/ralph/bocacode/Message-App-Project/functions/index.js changed, reloading triggers"}}
[debug] [2022-08-12T15:50:26.377Z] Validating nodejs source
[debug] [2022-08-12T15:50:26.994Z] > [functions] package.json contents: {
  "name": "functions",
  "description": "Cloud Functions for Firebase",
  "scripts": {
    "serve": "firebase emulators:start --only functions",
    "shell": "firebase functions:shell",
    "start": "npm run shell",
    "deploy": "firebase deploy --only functions",
    "logs": "firebase functions:log"
  },
  "type": "module",
  "engines": {
    "node": "16"
  },
  "main": "index.js",
  "dependencies": {
    "cors": "^2.8.5",
    "express": "^4.18.1",
    "firebase-admin": "^10.0.2",
    "firebase-functions": "^3.18.0"
  },
  "devDependencies": {
    "firebase-functions-test": "^0.2.0"
  },
  "private": true
}
[debug] [2022-08-12T15:50:26.994Z] Building nodejs source
[debug] [2022-08-12T15:50:26.994Z] Analyzing nodejs backend spec
[debug] [2022-08-12T15:50:26.995Z] Could not find functions.yaml. Must use http discovery
[debug] [2022-08-12T15:50:27.071Z] Serving at port 9005

[debug] [2022-08-12T15:50:27.227Z] Got response from /__/functions.yaml {"endpoints":{"api":{"platform":"gcfv1","httpsTrigger":{},"entryPoint":"api"}},"specVersion":"v1alpha1","requiredAPIs":[]}
[debug] [2022-08-12T15:50:27.233Z] shutdown requested via /__/quitquitquit

[debug] [2022-08-12T16:30:30.708Z] [work-queue] {"queueLength":1,"workRunningCount":0}
[debug] [2022-08-12T16:30:30.709Z] [work-queue] {"queueLength":0,"workRunningCount":1}
[debug] [2022-08-12T16:30:30.709Z] Accepted request GET /message-app-project-121c5/us-central1/api/messges --> us-central1-api
[debug] [2022-08-12T16:30:30.718Z] [worker-pool] addWorker(us-central1-api) {"metadata":{"emulator":{"name":"functions"},"message":"[worker-pool] addWorker(us-central1-api)"}}
[debug] [2022-08-12T16:30:30.719Z] [worker-pool] Adding worker with key us-central1-api, total=1 {"metadata":{"emulator":{"name":"functions"},"message":"[worker-pool] Adding worker with key us-central1-api, total=1"}}
[debug] [2022-08-12T16:30:30.719Z] [worker-pool] submitWork(triggerId=us-central1-api) {"metadata":{"emulator":{"name":"functions"},"message":"[worker-pool] submitWork(triggerId=us-central1-api)"}}
[debug] [2022-08-12T16:30:30.719Z] [worker-us-central1-api-392c9a5a-b634-4a61-a79b-642fdb27f1e0]: BUSY {"metadata":{"emulator":{"name":"functions"},"message":"[worker-us-central1-api-392c9a5a-b634-4a61-a79b-642fdb27f1e0]: BUSY"}}
[debug] [2022-08-12T16:30:31.404Z] [runtime-status] [8589] Resolved module firebase-admin {"declared":true,"installed":true,"version":"10.3.0","resolution":"/Users/ralph/bocacode/Message-App-Project/functions/node_modules/firebase-admin/lib/index.js"} {"metadata":{"emulator":{"name":"functions"},"function":{"name":"us-central1-api"},"extension":{},"message":"[runtime-status] [8589] Resolved module firebase-admin {\"declared\":true,\"installed\":true,\"version\":\"10.3.0\",\"resolution\":\"/Users/ralph/bocacode/Message-App-Project/functions/node_modules/firebase-admin/lib/index.js\"}"}}
[debug] [2022-08-12T16:30:31.405Z] [runtime-status] [8589] Resolved module firebase-functions {"declared":true,"installed":true,"version":"3.22.0","resolution":"/Users/ralph/bocacode/Message-App-Project/functions/node_modules/firebase-functions/lib/index.js"} {"metadata":{"emulator":{"name":"functions"},"function":{"name":"us-central1-api"},"extension":{},"message":"[runtime-status] [8589] Resolved module firebase-functions {\"declared\":true,\"installed\":true,\"version\":\"3.22.0\",\"resolution\":\"/Users/ralph/bocacode/Message-App-Project/functions/node_modules/firebase-functions/lib/index.js\"}"}}
[debug] [2022-08-12T16:30:31.405Z] [runtime-status] [8589] Outgoing network have been stubbed. [{"name":"http","status":"mocked"},{"name":"http","status":"mocked"},{"name":"https","status":"mocked"},{"name":"https","status":"mocked"},{"name":"net","status":"mocked"}] {"metadata":{"emulator":{"name":"functions"},"function":{"name":"us-central1-api"},"extension":{},"message":"[runtime-status] [8589] Outgoing network have been stubbed. [{\"name\":\"http\",\"status\":\"mocked\"},{\"name\":\"http\",\"status\":\"mocked\"},{\"name\":\"https\",\"status\":\"mocked\"},{\"name\":\"https\",\"status\":\"mocked\"},{\"name\":\"net\",\"status\":\"mocked\"}]"}}
[debug] [2022-08-12T16:30:31.405Z] [runtime-status] [8589] Resolved module firebase-functions {"declared":true,"installed":true,"version":"3.22.0","resolution":"/Users/ralph/bocacode/Message-App-Project/functions/node_modules/firebase-functions/lib/index.js"} {"metadata":{"emulator":{"name":"functions"},"function":{"name":"us-central1-api"},"extension":{},"message":"[runtime-status] [8589] Resolved module firebase-functions {\"declared\":true,\"installed\":true,\"version\":\"3.22.0\",\"resolution\":\"/Users/ralph/bocacode/Message-App-Project/functions/node_modules/firebase-functions/lib/index.js\"}"}}
[debug] [2022-08-12T16:30:31.436Z] [runtime-status] [8589] Checked functions.config() {"config":{}} {"metadata":{"emulator":{"name":"functions"},"function":{"name":"us-central1-api"},"extension":{},"message":"[runtime-status] [8589] Checked functions.config() {\"config\":{}}"}}
[debug] [2022-08-12T16:30:31.436Z] [runtime-status] [8589] firebase-functions has been stubbed. {"functionsResolution":{"declared":true,"installed":true,"version":"3.22.0","resolution":"/Users/ralph/bocacode/Message-App-Project/functions/node_modules/firebase-functions/lib/index.js"}} {"metadata":{"emulator":{"name":"functions"},"function":{"name":"us-central1-api"},"extension":{},"message":"[runtime-status] [8589] firebase-functions has been stubbed. {\"functionsResolution\":{\"declared\":true,\"installed\":true,\"version\":\"3.22.0\",\"resolution\":\"/Users/ralph/bocacode/Message-App-Project/functions/node_modules/firebase-functions/lib/index.js\"}}"}}
[debug] [2022-08-12T16:30:31.436Z] [runtime-status] [8589] Resolved module firebase-functions {"declared":true,"installed":true,"version":"3.22.0","resolution":"/Users/ralph/bocacode/Message-App-Project/functions/node_modules/firebase-functions/lib/index.js"} {"metadata":{"emulator":{"name":"functions"},"function":{"name":"us-central1-api"},"extension":{},"message":"[runtime-status] [8589] Resolved module firebase-functions {\"declared\":true,\"installed\":true,\"version\":\"3.22.0\",\"resolution\":\"/Users/ralph/bocacode/Message-App-Project/functions/node_modules/firebase-functions/lib/index.js\"}"}}
[debug] [2022-08-12T16:30:31.436Z] [runtime-status] [8589] Resolved module firebase-admin {"declared":true,"installed":true,"version":"10.3.0","resolution":"/Users/ralph/bocacode/Message-App-Project/functions/node_modules/firebase-admin/lib/index.js"} {"metadata":{"emulator":{"name":"functions"},"function":{"name":"us-central1-api"},"extension":{},"message":"[runtime-status] [8589] Resolved module firebase-admin {\"declared\":true,\"installed\":true,\"version\":\"10.3.0\",\"resolution\":\"/Users/ralph/bocacode/Message-App-Project/functions/node_modules/firebase-admin/lib/index.js\"}"}}
[debug] [2022-08-12T16:30:31.437Z] [runtime-status] [8589] Resolved module firebase-functions {"declared":true,"installed":true,"version":"3.22.0","resolution":"/Users/ralph/bocacode/Message-App-Project/functions/node_modules/firebase-functions/lib/index.js"} {"metadata":{"emulator":{"name":"functions"},"function":{"name":"us-central1-api"},"extension":{},"message":"[runtime-status] [8589] Resolved module firebase-functions {\"declared\":true,\"installed\":true,\"version\":\"3.22.0\",\"resolution\":\"/Users/ralph/bocacode/Message-App-Project/functions/node_modules/firebase-functions/lib/index.js\"}"}}
[debug] [2022-08-12T16:30:31.437Z] [runtime-status] [8589] firebase-admin has been stubbed. {"adminResolution":{"declared":true,"installed":true,"version":"10.3.0","resolution":"/Users/ralph/bocacode/Message-App-Project/functions/node_modules/firebase-admin/lib/index.js"}} {"metadata":{"emulator":{"name":"functions"},"function":{"name":"us-central1-api"},"extension":{},"message":"[runtime-status] [8589] firebase-admin has been stubbed. {\"adminResolution\":{\"declared\":true,\"installed\":true,\"version\":\"10.3.0\",\"resolution\":\"/Users/ralph/bocacode/Message-App-Project/functions/node_modules/firebase-admin/lib/index.js\"}}"}}
[debug] [2022-08-12T16:30:31.437Z] [runtime-status] [8589] Functions runtime initialized. {"cwd":"/Users/ralph/bocacode/Message-App-Project/functions","node_version":"16.13.1"} {"metadata":{"emulator":{"name":"functions"},"function":{"name":"us-central1-api"},"extension":{},"message":"[runtime-status] [8589] Functions runtime initialized. {\"cwd\":\"/Users/ralph/bocacode/Message-App-Project/functions\",\"node_version\":\"16.13.1\"}"}}
[debug] [2022-08-12T16:30:31.615Z] [runtime-status] [8589] Beginning invocation function api! {"metadata":{"emulator":{"name":"functions"},"function":{"name":"us-central1-api"},"extension":{},"message":"[runtime-status] [8589] Beginning invocation function api!"}}
[info] i  functions: Beginning execution of "api" {"metadata":{"emulator":{"name":"functions"},"function":{"name":"us-central1-api"},"extension":{},"message":"Beginning execution of \"api\""}}
[debug] [2022-08-12T16:30:31.616Z] [runtime-status] [8589] Running api in signature http {"metadata":{"emulator":{"name":"functions"},"function":{"name":"us-central1-api"},"extension":{},"message":"[runtime-status] [8589] Running api in signature http"}}
[debug] [2022-08-12T16:30:31.618Z] [runtime-status] [8589] Listening to port: /var/folders/tq/b756h98j3x3dgw3jwjffgwch0000gn/T/fire_emu_dcaa0c73faed302b.sock {"metadata":{"emulator":{"name":"functions"},"function":{"name":"us-central1-api"},"extension":{},"message":"[runtime-status] [8589] Listening to port: /var/folders/tq/b756h98j3x3dgw3jwjffgwch0000gn/T/fire_emu_dcaa0c73faed302b.sock"}}
[debug] [2022-08-12T16:30:31.649Z] [functions] Runtime ready! Sending request! {"metadata":{"emulator":{"name":"functions"},"message":"[functions] Runtime ready! Sending request!"}}
[debug] [2022-08-12T16:30:31.650Z] [functions] Got req.url=/message-app-project-121c5/us-central1/api/messges, mapping to path=/messges {"metadata":{"emulator":{"name":"functions"},"message":"[functions] Got req.url=/message-app-project-121c5/us-central1/api/messges, mapping to path=/messges"}}
[debug] [2022-08-12T16:30:31.654Z] [runtime-status] [8589] Ephemeral server handling GET request {"metadata":{"emulator":{"name":"functions"},"function":{"name":"us-central1-api"},"extension":{},"message":"[runtime-status] [8589] Ephemeral server handling GET request"}}
[debug] [2022-08-12T16:30:31.656Z] [runtime-status] [8589] Ephemeral server survived. {"metadata":{"emulator":{"name":"functions"},"function":{"name":"us-central1-api"},"extension":{},"message":"[runtime-status] [8589] Ephemeral server survived."}}
[info] i  functions: Finished "api" in ~1s {"metadata":{"emulator":{"name":"functions"},"function":{"name":"us-central1-api"},"extension":{},"message":"Finished \"api\" in ~1s"}}
[debug] [2022-08-12T16:30:31.657Z] [worker-us-central1-api-392c9a5a-b634-4a61-a79b-642fdb27f1e0]: IDLE {"metadata":{"emulator":{"name":"functions"},"message":"[worker-us-central1-api-392c9a5a-b634-4a61-a79b-642fdb27f1e0]: IDLE"}}
[debug] [2022-08-12T16:30:31.657Z] [work-queue] {"queueLength":0,"workRunningCount":0}
[debug] [2022-08-12T16:30:36.877Z] [work-queue] {"queueLength":1,"workRunningCount":0}
[debug] [2022-08-12T16:30:36.877Z] [work-queue] {"queueLength":0,"workRunningCount":1}
[debug] [2022-08-12T16:30:36.877Z] Accepted request GET /message-app-project-121c5/us-central1/api/messages --> us-central1-api
[debug] [2022-08-12T16:30:36.877Z] [worker-pool] submitWork(triggerId=us-central1-api) {"metadata":{"emulator":{"name":"functions"},"message":"[worker-pool] submitWork(triggerId=us-central1-api)"}}
[debug] [2022-08-12T16:30:36.877Z] [worker-us-central1-api-392c9a5a-b634-4a61-a79b-642fdb27f1e0]: BUSY {"metadata":{"emulator":{"name":"functions"},"message":"[worker-us-central1-api-392c9a5a-b634-4a61-a79b-642fdb27f1e0]: BUSY"}}
[debug] [2022-08-12T16:30:36.878Z] [runtime-status] [8589] Beginning invocation function api! {"metadata":{"emulator":{"name":"functions"},"function":{"name":"us-central1-api"},"extension":{},"message":"[runtime-status] [8589] Beginning invocation function api!"}}
[info] i  functions: Beginning execution of "api" {"metadata":{"emulator":{"name":"functions"},"function":{"name":"us-central1-api"},"extension":{},"message":"Beginning execution of \"api\""}}
[debug] [2022-08-12T16:30:36.878Z] [runtime-status] [8589] Running api in signature http {"metadata":{"emulator":{"name":"functions"},"function":{"name":"us-central1-api"},"extension":{},"message":"[runtime-status] [8589] Running api in signature http"}}
[debug] [2022-08-12T16:30:36.878Z] [runtime-status] [8589] Listening to port: /var/folders/tq/b756h98j3x3dgw3jwjffgwch0000gn/T/fire_emu_dcaa0c73faed302b.sock {"metadata":{"emulator":{"name":"functions"},"function":{"name":"us-central1-api"},"extension":{},"message":"[runtime-status] [8589] Listening to port: /var/folders/tq/b756h98j3x3dgw3jwjffgwch0000gn/T/fire_emu_dcaa0c73faed302b.sock"}}
[debug] [2022-08-12T16:30:36.979Z] [functions] Runtime ready! Sending request! {"metadata":{"emulator":{"name":"functions"},"message":"[functions] Runtime ready! Sending request!"}}
[debug] [2022-08-12T16:30:36.979Z] [functions] Got req.url=/message-app-project-121c5/us-central1/api/messages, mapping to path=/messages {"metadata":{"emulator":{"name":"functions"},"message":"[functions] Got req.url=/message-app-project-121c5/us-central1/api/messages, mapping to path=/messages"}}
[debug] [2022-08-12T16:30:36.980Z] [runtime-status] [8589] Ephemeral server handling GET request {"metadata":{"emulator":{"name":"functions"},"function":{"name":"us-central1-api"},"extension":{},"message":"[runtime-status] [8589] Ephemeral server handling GET request"}}
[debug] [2022-08-12T16:30:36.981Z] [runtime-status] [8589] Ephemeral server survived. {"metadata":{"emulator":{"name":"functions"},"function":{"name":"us-central1-api"},"extension":{},"message":"[runtime-status] [8589] Ephemeral server survived."}}
[info] i  functions: Finished "api" in ~1s {"metadata":{"emulator":{"name":"functions"},"function":{"name":"us-central1-api"},"extension":{},"message":"Finished \"api\" in ~1s"}}
[debug] [2022-08-12T16:30:36.981Z] [worker-us-central1-api-392c9a5a-b634-4a61-a79b-642fdb27f1e0]: IDLE {"metadata":{"emulator":{"name":"functions"},"message":"[worker-us-central1-api-392c9a5a-b634-4a61-a79b-642fdb27f1e0]: IDLE"}}
[debug] [2022-08-12T16:30:36.981Z] [work-queue] {"queueLength":0,"workRunningCount":0}
[debug] [2022-08-12T16:30:37.007Z] Functions emulator received unknown request at path /favicon.ico
[debug] [2022-08-12T17:20:23.662Z] File /Users/ralph/bocacode/Message-App-Project/functions/getroute.js changed, reloading triggers {"metadata":{"emulator":{"name":"functions"},"message":"File /Users/ralph/bocacode/Message-App-Project/functions/getroute.js changed, reloading triggers"}}
[debug] [2022-08-12T17:20:24.669Z] [worker-pool] Shutting down IDLE worker (us-central1-api) {"metadata":{"emulator":{"name":"functions"},"message":"[worker-pool] Shutting down IDLE worker (us-central1-api)"}}
[debug] [2022-08-12T17:20:24.669Z] [worker-us-central1-api-392c9a5a-b634-4a61-a79b-642fdb27f1e0]: FINISHING {"metadata":{"emulator":{"name":"functions"},"message":"[worker-us-central1-api-392c9a5a-b634-4a61-a79b-642fdb27f1e0]: FINISHING"}}
